<?xml version="1.0" encoding="UTF-8"?>
<!-- Generated by org.testng.reporters.JUnitXMLReporter -->
<testsuite ignored="0" hostname="DESKTOP-B05KAMI" failures="0" tests="2" name="Default test" time="46.39" errors="0" timestamp="2023-07-18T10:58:45 CST">
  <testcase classname="testCases.Admin_UserManagementFunctionality" name="addUserValidation" time="15.804"/>
  <testcase classname="testCases.Admin_UserManagementFunctionality" name="deleteUserValidation" time="8.715"/>
</testsuite> <!-- Default test -->
