<?xml version="1.0" encoding="UTF-8"?>
<!-- Generated by org.testng.reporters.JUnitXMLReporter -->
<testsuite ignored="0" hostname="DESKTOP-B05KAMI" failures="0" tests="2" name="ForgotPasswordValidation" time="33.344" errors="0" timestamp="2023-07-13T10:35:47 CST">
  <testcase classname="testCases.ForgotPasswordFunctionalty" name="resetPasswordBlankUser" time="3.053"/>
  <testcase classname="testCases.ForgotPasswordFunctionalty" name="resetPasswordValidUser" time="5.429"/>
</testsuite> <!-- ForgotPasswordValidation -->
