<?xml version="1.0" encoding="UTF-8"?>
<!-- Generated by org.testng.reporters.JUnitXMLReporter -->
<testsuite ignored="0" hostname="DESKTOP-B05KAMI" failures="0" tests="2" name="ForgotPasswordValidation" time="19.702" errors="0" timestamp="2023-07-19T11:47:30 CST">
  <testcase classname="testCases.ForgotPasswordFunctionalty" name="resetPasswordBlankUser" time="1.965"/>
  <testcase classname="testCases.ForgotPasswordFunctionalty" name="resetPasswordValidUser" time="3.659"/>
</testsuite> <!-- ForgotPasswordValidation -->
