<?xml version="1.0" encoding="UTF-8"?>
<!-- Generated by org.testng.reporters.JUnitXMLReporter -->
<testsuite ignored="0" hostname="DESKTOP-B05KAMI" failures="0" tests="5" name="LoginValidation" time="47.136" errors="0" timestamp="2023-07-19T11:47:10 CST">
  <testcase classname="testCases.LoginFunctionalityValidation" name="loginWithBlankCrendentials" time="1.077"/>
  <testcase classname="testCases.LoginFunctionalityValidation" name="loginWithInvalidPassword" time="2.728"/>
  <testcase classname="testCases.LoginFunctionalityValidation" name="loginWithInvalidUser" time="2.249"/>
  <testcase classname="testCases.LoginFunctionalityValidation" name="loginWithValidCredetials" time="2.795"/>
  <testcase classname="testCases.LoginFunctionalityValidation" name="logoutFunctionality" time="5.025"/>
</testsuite> <!-- LoginValidation -->
