<?xml version="1.0" encoding="UTF-8"?>
<!-- Generated by org.testng.reporters.JUnitXMLReporter -->
<testsuite ignored="0" hostname="DESKTOP-B05KAMI" failures="0" tests="5" name="LoginValidation" time="62.998" errors="0" timestamp="2023-07-13T10:36:16 CST">
  <testcase classname="testCases.LoginFunctionalityValidation" name="loginWithBlankCrendentials" time="1.988"/>
  <testcase classname="testCases.LoginFunctionalityValidation" name="loginWithInvalidPassword" time="3.006"/>
  <testcase classname="testCases.LoginFunctionalityValidation" name="loginWithInvalidUser" time="3.894"/>
  <testcase classname="testCases.LoginFunctionalityValidation" name="loginWithValidCredetials" time="3.698"/>
  <testcase classname="testCases.LoginFunctionalityValidation" name="logoutFunctionality" time="5.799"/>
</testsuite> <!-- LoginValidation -->
