<?xml version="1.0" encoding="UTF-8"?>
<!-- Generated by org.testng.reporters.JUnitXMLReporter -->
<testsuite ignored="0" hostname="DESKTOP-B05KAMI" failures="0" tests="2" name="PIM_AddEmployeeFunctionalityValidation" time="30.787" errors="0" timestamp="2023-07-19T11:48:31 CST">
  <testcase classname="testCases.PIM_EmployeeInformationFunctionality" name="addEmployeeValidation" time="11.577"/>
  <testcase classname="testCases.PIM_EmployeeInformationFunctionality" name="deleteEmployeeValidation" time="6.6"/>
</testsuite> <!-- PIM_AddEmployeeFunctionalityValidation -->
