<?xml version="1.0" encoding="UTF-8"?>
<!-- Generated by org.testng.reporters.JUnitXMLReporter -->
<testsuite ignored="0" hostname="DESKTOP-B05KAMI" failures="0" tests="5" name="Test" time="48.344" errors="0" timestamp="2023-07-19T11:43:58 CST">
  <testcase classname="testCases.LoginFunctionalityValidation" name="loginWithBlankCrendentials" time="1.155"/>
  <testcase classname="testCases.LoginFunctionalityValidation" name="loginWithInvalidPassword" time="2.702"/>
  <testcase classname="testCases.LoginFunctionalityValidation" name="loginWithInvalidUser" time="2.021"/>
  <testcase classname="testCases.LoginFunctionalityValidation" name="loginWithValidCredetials" time="2.7"/>
  <testcase classname="testCases.LoginFunctionalityValidation" name="logoutFunctionality" time="4.257"/>
</testsuite> <!-- Test -->
