<?xml version="1.0" encoding="UTF-8"?>
<!-- Generated by org.testng.reporters.JUnitXMLReporter -->
<testsuite ignored="0" hostname="DESKTOP-B05KAMI" failures="0" tests="2" name="userManagementValidation" time="49.886" errors="0" timestamp="2023-07-13T10:36:02 CST">
  <testcase classname="testCases.Admin_UserManagementFunctionality" name="addEmployeeValidation" time="14.864"/>
  <testcase classname="testCases.Admin_UserManagementFunctionality" name="deleteEmployeeValidation" time="10.219"/>
</testsuite> <!-- userManagementValidation -->
