<?xml version="1.0" encoding="UTF-8"?>
<!-- Generated by org.testng.reporters.JUnitXMLReporter -->
<testsuite ignored="0" hostname="DESKTOP-B05KAMI" failures="0" tests="2" name="ForgotPasswordValidation" time="17.224" errors="0" timestamp="2023-07-18T11:09:16 CST">
  <testcase classname="testCases.ForgotPasswordFunctionalty" name="resetPasswordBlankUser" time="1.875"/>
  <testcase classname="testCases.ForgotPasswordFunctionalty" name="resetPasswordValidUser" time="3.585"/>
</testsuite> <!-- ForgotPasswordValidation -->
