<?xml version="1.0" encoding="UTF-8"?>
<!-- Generated by org.testng.reporters.JUnitXMLReporter -->
<testsuite ignored="0" hostname="DESKTOP-B05KAMI" failures="0" tests="5" name="LoginValidation" time="49.616" errors="0" timestamp="2023-07-18T11:08:59 CST">
  <testcase classname="testCases.LoginFunctionalityValidation" name="loginWithBlankCrendentials" time="1.032"/>
  <testcase classname="testCases.LoginFunctionalityValidation" name="loginWithInvalidPassword" time="2.642"/>
  <testcase classname="testCases.LoginFunctionalityValidation" name="loginWithInvalidUser" time="2.461"/>
  <testcase classname="testCases.LoginFunctionalityValidation" name="loginWithValidCredetials" time="2.863"/>
  <testcase classname="testCases.LoginFunctionalityValidation" name="logoutFunctionality" time="5.166"/>
</testsuite> <!-- LoginValidation -->
