<?xml version="1.0" encoding="UTF-8"?>
<!-- Generated by org.testng.reporters.JUnitXMLReporter -->
<testsuite ignored="0" hostname="DESKTOP-B05KAMI" failures="0" tests="2" name="PIM_AddEmployeeFunctionalityValidation" time="30.502" errors="0" timestamp="2023-07-18T11:10:26 CST">
  <testcase classname="testCases.PIM_EmployeeInformationFunctionality" name="addEmployeeValidation" time="11.656"/>
  <testcase classname="testCases.PIM_EmployeeInformationFunctionality" name="deleteEmployeeValidation" time="6.643"/>
</testsuite> <!-- PIM_AddEmployeeFunctionalityValidation -->
