<?xml version="1.0" encoding="UTF-8"?>
<!-- Generated by org.testng.reporters.JUnitXMLReporter -->
<testsuite ignored="0" hostname="DESKTOP-B05KAMI" failures="0" tests="5" name="Test" time="47.557" errors="0" timestamp="2023-07-18T11:35:27 CST">
  <testcase classname="testCases.LoginFunctionalityValidation" name="loginWithBlankCrendentials" time="0.865"/>
  <testcase classname="testCases.LoginFunctionalityValidation" name="loginWithInvalidPassword" time="2.581"/>
  <testcase classname="testCases.LoginFunctionalityValidation" name="loginWithInvalidUser" time="2.375"/>
  <testcase classname="testCases.LoginFunctionalityValidation" name="loginWithValidCredetials" time="2.894"/>
  <testcase classname="testCases.LoginFunctionalityValidation" name="logoutFunctionality" time="4.852"/>
</testsuite> <!-- Test -->
