<?xml version="1.0" encoding="UTF-8"?>
<!-- Generated by org.testng.reporters.JUnitXMLReporter -->
<testsuite ignored="0" hostname="DESKTOP-B05KAMI" failures="0" tests="2" name="userManagementValidation" time="39.389" errors="0" timestamp="2023-07-18T11:09:56 CST">
  <testcase classname="testCases.Admin_UserManagementFunctionality" name="addUserValidation" time="17.025"/>
  <testcase classname="testCases.Admin_UserManagementFunctionality" name="deleteUserValidation" time="10.28"/>
</testsuite> <!-- userManagementValidation -->
