<?xml version="1.0" encoding="UTF-8"?>
<testng-results ignored="0" total="5" passed="5" failed="0" skipped="0">
  <reporter-output>
  </reporter-output>
  <suite started-at="2023-07-18T11:34:39 CST" name="Suite" finished-at="2023-07-18T11:35:27 CST" duration-ms="47557">
    <groups>
      <group name="LoginValidation">
        <method signature="LoginFunctionalityValidation.loginWithBlankCrendentials()[pri:0, instance:testCases.LoginFunctionalityValidation@247310d0]" name="loginWithBlankCrendentials" class="testCases.LoginFunctionalityValidation"/>
        <method signature="LoginFunctionalityValidation.loginWithInvalidPassword(java.util.HashMap)[pri:0, instance:testCases.LoginFunctionalityValidation@247310d0]" name="loginWithInvalidPassword" class="testCases.LoginFunctionalityValidation"/>
        <method signature="LoginFunctionalityValidation.loginWithInvalidUser(java.util.HashMap)[pri:0, instance:testCases.LoginFunctionalityValidation@247310d0]" name="loginWithInvalidUser" class="testCases.LoginFunctionalityValidation"/>
        <method signature="LoginFunctionalityValidation.loginWithValidCredetials(java.util.HashMap)[pri:0, instance:testCases.LoginFunctionalityValidation@247310d0]" name="loginWithValidCredetials" class="testCases.LoginFunctionalityValidation"/>
        <method signature="LoginFunctionalityValidation.logoutFunctionality(java.util.HashMap)[pri:0, instance:testCases.LoginFunctionalityValidation@247310d0]" name="logoutFunctionality" class="testCases.LoginFunctionalityValidation"/>
      </group> <!-- LoginValidation -->
    </groups>
    <test started-at="2023-07-18T11:34:39 CST" name="Test" finished-at="2023-07-18T11:35:27 CST" duration-ms="47557">
      <class name="testCases.LoginFunctionalityValidation">
        <test-method is-config="true" signature="launchApplication()[pri:0, instance:testCases.LoginFunctionalityValidation@247310d0]" started-at="2023-07-18T11:34:39 CST" name="launchApplication" finished-at="2023-07-18T11:34:49 CST" duration-ms="10234" status="PASS">
          <reporter-output>
          </reporter-output>
        </test-method> <!-- launchApplication -->
        <test-method signature="loginWithBlankCrendentials()[pri:0, instance:testCases.LoginFunctionalityValidation@247310d0]" started-at="2023-07-18T11:34:49 CST" name="loginWithBlankCrendentials" finished-at="2023-07-18T11:34:50 CST" duration-ms="865" status="PASS">
          <reporter-output>
          </reporter-output>
        </test-method> <!-- loginWithBlankCrendentials -->
        <test-method is-config="true" signature="tearDown()[pri:0, instance:testCases.LoginFunctionalityValidation@247310d0]" started-at="2023-07-18T11:34:50 CST" name="tearDown" finished-at="2023-07-18T11:34:50 CST" duration-ms="34" status="PASS">
          <reporter-output>
          </reporter-output>
        </test-method> <!-- tearDown -->
        <test-method is-config="true" signature="launchApplication()[pri:0, instance:testCases.LoginFunctionalityValidation@247310d0]" started-at="2023-07-18T11:34:50 CST" name="launchApplication" finished-at="2023-07-18T11:34:56 CST" duration-ms="5443" status="PASS">
          <reporter-output>
          </reporter-output>
        </test-method> <!-- launchApplication -->
        <test-method signature="loginWithInvalidPassword(java.util.HashMap)[pri:0, instance:testCases.LoginFunctionalityValidation@247310d0]" started-at="2023-07-18T11:34:56 CST" name="loginWithInvalidPassword" data-provider="loginTestData" finished-at="2023-07-18T11:34:58 CST" duration-ms="2581" status="PASS">
          <params>
            <param index="0">
              <value>
                <![CDATA[{lastName=Reeve, userStatus=Enabled, invalidUserName=user, invalidPassword=password, fullName=Paul Reeve, newPassword=Admin_123, firstName=Paul, password=admin123, userRole=Admin, user=Charlie123, username=Admin, profilePicturePath=C:\Users\hp\Desktop\Selenium\OrangeHRMProfilePictureDemo.png}]]>
              </value>
            </param>
          </params>
          <reporter-output>
          </reporter-output>
        </test-method> <!-- loginWithInvalidPassword -->
        <test-method is-config="true" signature="tearDown()[pri:0, instance:testCases.LoginFunctionalityValidation@247310d0]" started-at="2023-07-18T11:34:58 CST" name="tearDown" finished-at="2023-07-18T11:34:58 CST" duration-ms="22" status="PASS">
          <reporter-output>
          </reporter-output>
        </test-method> <!-- tearDown -->
        <test-method is-config="true" signature="launchApplication()[pri:0, instance:testCases.LoginFunctionalityValidation@247310d0]" started-at="2023-07-18T11:34:58 CST" name="launchApplication" finished-at="2023-07-18T11:35:04 CST" duration-ms="5890" status="PASS">
          <reporter-output>
          </reporter-output>
        </test-method> <!-- launchApplication -->
        <test-method signature="loginWithInvalidUser(java.util.HashMap)[pri:0, instance:testCases.LoginFunctionalityValidation@247310d0]" started-at="2023-07-18T11:35:04 CST" name="loginWithInvalidUser" data-provider="loginTestData" finished-at="2023-07-18T11:35:07 CST" duration-ms="2375" status="PASS">
          <params>
            <param index="0">
              <value>
                <![CDATA[{lastName=Reeve, userStatus=Enabled, invalidUserName=user, invalidPassword=password, fullName=Paul Reeve, newPassword=Admin_123, firstName=Paul, password=admin123, userRole=Admin, user=Charlie123, username=Admin, profilePicturePath=C:\Users\hp\Desktop\Selenium\OrangeHRMProfilePictureDemo.png}]]>
              </value>
            </param>
          </params>
          <reporter-output>
          </reporter-output>
        </test-method> <!-- loginWithInvalidUser -->
        <test-method is-config="true" signature="tearDown()[pri:0, instance:testCases.LoginFunctionalityValidation@247310d0]" started-at="2023-07-18T11:35:07 CST" name="tearDown" finished-at="2023-07-18T11:35:07 CST" duration-ms="31" status="PASS">
          <reporter-output>
          </reporter-output>
        </test-method> <!-- tearDown -->
        <test-method is-config="true" signature="launchApplication()[pri:0, instance:testCases.LoginFunctionalityValidation@247310d0]" started-at="2023-07-18T11:35:07 CST" name="launchApplication" finished-at="2023-07-18T11:35:13 CST" duration-ms="6220" status="PASS">
          <reporter-output>
          </reporter-output>
        </test-method> <!-- launchApplication -->
        <test-method signature="loginWithValidCredetials(java.util.HashMap)[pri:0, instance:testCases.LoginFunctionalityValidation@247310d0]" started-at="2023-07-18T11:35:13 CST" name="loginWithValidCredetials" data-provider="loginTestData" finished-at="2023-07-18T11:35:16 CST" duration-ms="2894" status="PASS">
          <params>
            <param index="0">
              <value>
                <![CDATA[{lastName=Reeve, userStatus=Enabled, invalidUserName=user, invalidPassword=password, fullName=Paul Reeve, newPassword=Admin_123, firstName=Paul, password=admin123, userRole=Admin, user=Charlie123, username=Admin, profilePicturePath=C:\Users\hp\Desktop\Selenium\OrangeHRMProfilePictureDemo.png}]]>
              </value>
            </param>
          </params>
          <reporter-output>
          </reporter-output>
        </test-method> <!-- loginWithValidCredetials -->
        <test-method is-config="true" signature="tearDown()[pri:0, instance:testCases.LoginFunctionalityValidation@247310d0]" started-at="2023-07-18T11:35:16 CST" name="tearDown" finished-at="2023-07-18T11:35:16 CST" duration-ms="28" status="PASS">
          <reporter-output>
          </reporter-output>
        </test-method> <!-- tearDown -->
        <test-method is-config="true" signature="launchApplication()[pri:0, instance:testCases.LoginFunctionalityValidation@247310d0]" started-at="2023-07-18T11:35:16 CST" name="launchApplication" finished-at="2023-07-18T11:35:22 CST" duration-ms="5736" status="PASS">
          <reporter-output>
          </reporter-output>
        </test-method> <!-- launchApplication -->
        <test-method signature="logoutFunctionality(java.util.HashMap)[pri:0, instance:testCases.LoginFunctionalityValidation@247310d0]" started-at="2023-07-18T11:35:22 CST" name="logoutFunctionality" data-provider="loginTestData" finished-at="2023-07-18T11:35:26 CST" duration-ms="4852" status="PASS">
          <params>
            <param index="0">
              <value>
                <![CDATA[{lastName=Reeve, userStatus=Enabled, invalidUserName=user, invalidPassword=password, fullName=Paul Reeve, newPassword=Admin_123, firstName=Paul, password=admin123, userRole=Admin, user=Charlie123, username=Admin, profilePicturePath=C:\Users\hp\Desktop\Selenium\OrangeHRMProfilePictureDemo.png}]]>
              </value>
            </param>
          </params>
          <reporter-output>
          </reporter-output>
        </test-method> <!-- logoutFunctionality -->
        <test-method is-config="true" signature="tearDown()[pri:0, instance:testCases.LoginFunctionalityValidation@247310d0]" started-at="2023-07-18T11:35:26 CST" name="tearDown" finished-at="2023-07-18T11:35:27 CST" duration-ms="26" status="PASS">
          <reporter-output>
          </reporter-output>
        </test-method> <!-- tearDown -->
      </class> <!-- testCases.LoginFunctionalityValidation -->
    </test> <!-- Test -->
  </suite> <!-- Suite -->
</testng-results>
