<?xml version="1.0" encoding="UTF-8"?>
<testng-results ignored="0" total="2" passed="2" failed="0" skipped="0">
  <reporter-output>
  </reporter-output>
  <suite started-at="2023-07-18T10:57:58 CST" name="Default suite" finished-at="2023-07-18T10:58:45 CST" duration-ms="46390">
    <groups>
    </groups>
    <test started-at="2023-07-18T10:57:58 CST" name="Default test" finished-at="2023-07-18T10:58:45 CST" duration-ms="46390">
      <class name="testCases.Admin_UserManagementFunctionality">
        <test-method is-config="true" signature="launchApplication()[pri:0, instance:testCases.Admin_UserManagementFunctionality@5c6648b0]" started-at="2023-07-18T10:57:59 CST" name="launchApplication" finished-at="2023-07-18T10:58:12 CST" duration-ms="13582" status="PASS">
          <reporter-output>
          </reporter-output>
        </test-method> <!-- launchApplication -->
        <test-method signature="addUserValidation(java.util.HashMap)[pri:0, instance:testCases.Admin_UserManagementFunctionality@5c6648b0]" started-at="2023-07-18T10:58:12 CST" name="addUserValidation" data-provider="adminUsermManagementData" finished-at="2023-07-18T10:58:28 CST" duration-ms="15804" status="PASS">
          <params>
            <param index="0">
              <value>
                <![CDATA[{lastName=Reeve, userStatus=Enabled, invalidUserName=user, invalidPassword=password, fullName=Paul Reeve, newPassword=Admin_123, firstName=Paul, password=admin123, userRole=Admin, user=Charlie123, username=Admin, profilePicturePath=C:\Users\hp\Desktop\Selenium\OrangeHRMProfilePictureDemo.png}]]>
              </value>
            </param>
          </params>
          <reporter-output>
          </reporter-output>
        </test-method> <!-- addUserValidation -->
        <test-method is-config="true" signature="tearDown()[pri:0, instance:testCases.Admin_UserManagementFunctionality@5c6648b0]" started-at="2023-07-18T10:58:28 CST" name="tearDown" finished-at="2023-07-18T10:58:28 CST" duration-ms="191" status="PASS">
          <reporter-output>
          </reporter-output>
        </test-method> <!-- tearDown -->
        <test-method is-config="true" signature="launchApplication()[pri:0, instance:testCases.Admin_UserManagementFunctionality@5c6648b0]" started-at="2023-07-18T10:58:28 CST" name="launchApplication" finished-at="2023-07-18T10:58:36 CST" duration-ms="7562" status="PASS">
          <reporter-output>
          </reporter-output>
        </test-method> <!-- launchApplication -->
        <test-method signature="deleteUserValidation(java.util.HashMap)[pri:0, instance:testCases.Admin_UserManagementFunctionality@5c6648b0]" started-at="2023-07-18T10:58:36 CST" name="deleteUserValidation" data-provider="adminUsermManagementData" finished-at="2023-07-18T10:58:45 CST" depends-on-methods="testCases.Admin_UserManagementFunctionality.addUserValidation" duration-ms="8715" status="PASS">
          <params>
            <param index="0">
              <value>
                <![CDATA[{lastName=Reeve, userStatus=Enabled, invalidUserName=user, invalidPassword=password, fullName=Paul Reeve, newPassword=Admin_123, firstName=Paul, password=admin123, userRole=Admin, user=Charlie123, username=Admin, profilePicturePath=C:\Users\hp\Desktop\Selenium\OrangeHRMProfilePictureDemo.png}]]>
              </value>
            </param>
          </params>
          <reporter-output>
          </reporter-output>
        </test-method> <!-- deleteUserValidation -->
        <test-method is-config="true" signature="tearDown()[pri:0, instance:testCases.Admin_UserManagementFunctionality@5c6648b0]" started-at="2023-07-18T10:58:45 CST" name="tearDown" finished-at="2023-07-18T10:58:45 CST" duration-ms="153" status="PASS">
          <reporter-output>
          </reporter-output>
        </test-method> <!-- tearDown -->
      </class> <!-- testCases.Admin_UserManagementFunctionality -->
    </test> <!-- Default test -->
  </suite> <!-- Default suite -->
</testng-results>
